TN:
SF:src\add.js
FN:7,(anonymous_0)
FNF:1
FNH:1
FNDA:8,(anonymous_0)
DA:7,1
DA:8,8
DA:9,2
DA:11,6
DA:14,1
LF:5
LH:5
BRDA:8,0,0,2
BRDA:8,0,1,6
BRDA:8,1,0,8
BRDA:8,1,1,6
BRF:4
BRH:4
end_of_record
TN:
SF:src\divide.js
FN:9,(anonymous_0)
FNF:1
FNH:1
FNDA:8,(anonymous_0)
DA:9,1
DA:10,8
DA:11,2
DA:13,6
DA:16,1
LF:5
LH:5
BRDA:10,0,0,2
BRDA:10,0,1,6
BRDA:10,1,0,8
BRDA:10,1,1,6
BRF:4
BRH:4
end_of_record
TN:
SF:src\multiply.js
FN:7,(anonymous_0)
FNF:1
FNH:1
FNDA:8,(anonymous_0)
DA:7,1
DA:8,8
DA:9,2
DA:11,6
DA:13,1
LF:5
LH:5
BRDA:8,0,0,2
BRDA:8,0,1,6
BRDA:8,1,0,8
BRDA:8,1,1,6
BRF:4
BRH:4
end_of_record
TN:
SF:src\subtract.js
FN:7,(anonymous_0)
FNF:1
FNH:1
FNDA:1,(anonymous_0)
DA:7,1
DA:8,1
DA:9,0
DA:11,1
DA:13,1
LF:5
LH:4
BRDA:8,0,0,0
BRDA:8,0,1,1
BRDA:8,1,0,1
BRDA:8,1,1,1
BRF:4
BRH:3
end_of_record
