{"C:\\Users\\admin\\Desktop\\Arithmatic_Operations\\src\\add.js": {"path":"C:\\Users\\admin\\Desktop\\Arithmatic_Operations\\src\\add.js","statementMap":{"0":{"start":{"line":8,"column":12},"end":{"line":17,"column":1}},"1":{"start":{"line":9,"column":2},"end":{"line":15,"column":3}},"2":{"start":{"line":10,"column":4},"end":{"line":12,"column":5}},"3":{"start":{"line":11,"column":6},"end":{"line":11,"column":46}},"4":{"start":{"line":14,"column":4},"end":{"line":14,"column":33}},"5":{"start":{"line":16,"column":2},"end":{"line":16,"column":21}},"6":{"start":{"line":19,"column":0},"end":{"line":19,"column":21}}},"fnMap":{"0":{"name":"(anonymous_0)","decl":{"start":{"line":8,"column":12},"end":{"line":8,"column":13}},"loc":{"start":{"line":8,"column":28},"end":{"line":17,"column":1}},"line":8}},"branchMap":{"0":{"loc":{"start":{"line":10,"column":4},"end":{"line":12,"column":5}},"type":"if","locations":[{"start":{"line":10,"column":4},"end":{"line":12,"column":5}},{"start":{"line":10,"column":4},"end":{"line":12,"column":5}}],"line":10},"1":{"loc":{"start":{"line":10,"column":8},"end":{"line":10,"column":60}},"type":"binary-expr","locations":[{"start":{"line":10,"column":8},"end":{"line":10,"column":32}},{"start":{"line":10,"column":36},"end":{"line":10,"column":60}}],"line":10}},"s":{"0":1,"1":8,"2":8,"3":2,"4":2,"5":6,"6":1},"f":{"0":8},"b":{"0":[2,6],"1":[8,6]},"_coverageSchema":"1a1c01bbd47fc00a2c39e90264f33305004495a9","hash":"e2659c1a59b8b99976c6028d3ce83da253beae23"}
,"C:\\Users\\admin\\Desktop\\Arithmatic_Operations\\src\\divide.js": {"path":"C:\\Users\\admin\\Desktop\\Arithmatic_Operations\\src\\divide.js","statementMap":{"0":{"start":{"line":8,"column":15},"end":{"line":21,"column":1}},"1":{"start":{"line":9,"column":2},"end":{"line":18,"column":3}},"2":{"start":{"line":10,"column":4},"end":{"line":12,"column":5}},"3":{"start":{"line":11,"column":6},"end":{"line":11,"column":46}},"4":{"start":{"line":13,"column":4},"end":{"line":15,"column":5}},"5":{"start":{"line":14,"column":6},"end":{"line":14,"column":43}},"6":{"start":{"line":17,"column":4},"end":{"line":17,"column":33}},"7":{"start":{"line":20,"column":2},"end":{"line":20,"column":21}},"8":{"start":{"line":22,"column":0},"end":{"line":22,"column":24}}},"fnMap":{"0":{"name":"(anonymous_0)","decl":{"start":{"line":8,"column":15},"end":{"line":8,"column":16}},"loc":{"start":{"line":8,"column":31},"end":{"line":21,"column":1}},"line":8}},"branchMap":{"0":{"loc":{"start":{"line":10,"column":4},"end":{"line":12,"column":5}},"type":"if","locations":[{"start":{"line":10,"column":4},"end":{"line":12,"column":5}},{"start":{"line":10,"column":4},"end":{"line":12,"column":5}}],"line":10},"1":{"loc":{"start":{"line":10,"column":8},"end":{"line":10,"column":60}},"type":"binary-expr","locations":[{"start":{"line":10,"column":8},"end":{"line":10,"column":32}},{"start":{"line":10,"column":36},"end":{"line":10,"column":60}}],"line":10},"2":{"loc":{"start":{"line":13,"column":4},"end":{"line":15,"column":5}},"type":"if","locations":[{"start":{"line":13,"column":4},"end":{"line":15,"column":5}},{"start":{"line":13,"column":4},"end":{"line":15,"column":5}}],"line":13}},"s":{"0":1,"1":8,"2":8,"3":2,"4":6,"5":1,"6":3,"7":5,"8":1},"f":{"0":8},"b":{"0":[2,6],"1":[8,6],"2":[1,5]},"_coverageSchema":"1a1c01bbd47fc00a2c39e90264f33305004495a9","hash":"c7fd85df8d62e9e11dd5d868348b1da1ddd11b16"}
,"C:\\Users\\admin\\Desktop\\Arithmatic_Operations\\src\\multiply.js": {"path":"C:\\Users\\admin\\Desktop\\Arithmatic_Operations\\src\\multiply.js","statementMap":{"0":{"start":{"line":7,"column":17},"end":{"line":19,"column":1}},"1":{"start":{"line":8,"column":2},"end":{"line":14,"column":3}},"2":{"start":{"line":9,"column":4},"end":{"line":11,"column":5}},"3":{"start":{"line":10,"column":6},"end":{"line":10,"column":46}},"4":{"start":{"line":13,"column":4},"end":{"line":13,"column":33}},"5":{"start":{"line":15,"column":2},"end":{"line":17,"column":3}},"6":{"start":{"line":16,"column":4},"end":{"line":16,"column":13}},"7":{"start":{"line":18,"column":2},"end":{"line":18,"column":21}},"8":{"start":{"line":20,"column":0},"end":{"line":20,"column":26}}},"fnMap":{"0":{"name":"(anonymous_0)","decl":{"start":{"line":7,"column":17},"end":{"line":7,"column":18}},"loc":{"start":{"line":7,"column":33},"end":{"line":19,"column":1}},"line":7}},"branchMap":{"0":{"loc":{"start":{"line":9,"column":4},"end":{"line":11,"column":5}},"type":"if","locations":[{"start":{"line":9,"column":4},"end":{"line":11,"column":5}},{"start":{"line":9,"column":4},"end":{"line":11,"column":5}}],"line":9},"1":{"loc":{"start":{"line":9,"column":8},"end":{"line":9,"column":60}},"type":"binary-expr","locations":[{"start":{"line":9,"column":8},"end":{"line":9,"column":32}},{"start":{"line":9,"column":36},"end":{"line":9,"column":60}}],"line":9},"2":{"loc":{"start":{"line":15,"column":2},"end":{"line":17,"column":3}},"type":"if","locations":[{"start":{"line":15,"column":2},"end":{"line":17,"column":3}},{"start":{"line":15,"column":2},"end":{"line":17,"column":3}}],"line":15},"3":{"loc":{"start":{"line":15,"column":6},"end":{"line":15,"column":28}},"type":"binary-expr","locations":[{"start":{"line":15,"column":6},"end":{"line":15,"column":15}},{"start":{"line":15,"column":19},"end":{"line":15,"column":28}}],"line":15}},"s":{"0":1,"1":8,"2":8,"3":2,"4":2,"5":6,"6":1,"7":5,"8":1},"f":{"0":8},"b":{"0":[2,6],"1":[8,6],"2":[1,5],"3":[6,5]},"_coverageSchema":"1a1c01bbd47fc00a2c39e90264f33305004495a9","hash":"123ef180c8bc1ab2a544b9077e385baf0ad28992"}
,"C:\\Users\\admin\\Desktop\\Arithmatic_Operations\\src\\subtract.js": {"path":"C:\\Users\\admin\\Desktop\\Arithmatic_Operations\\src\\subtract.js","statementMap":{"0":{"start":{"line":7,"column":17},"end":{"line":16,"column":1}},"1":{"start":{"line":8,"column":2},"end":{"line":14,"column":3}},"2":{"start":{"line":9,"column":4},"end":{"line":11,"column":5}},"3":{"start":{"line":10,"column":6},"end":{"line":10,"column":46}},"4":{"start":{"line":13,"column":4},"end":{"line":13,"column":33}},"5":{"start":{"line":15,"column":2},"end":{"line":15,"column":21}},"6":{"start":{"line":17,"column":0},"end":{"line":17,"column":26}}},"fnMap":{"0":{"name":"(anonymous_0)","decl":{"start":{"line":7,"column":17},"end":{"line":7,"column":18}},"loc":{"start":{"line":7,"column":33},"end":{"line":16,"column":1}},"line":7}},"branchMap":{"0":{"loc":{"start":{"line":9,"column":4},"end":{"line":11,"column":5}},"type":"if","locations":[{"start":{"line":9,"column":4},"end":{"line":11,"column":5}},{"start":{"line":9,"column":4},"end":{"line":11,"column":5}}],"line":9},"1":{"loc":{"start":{"line":9,"column":8},"end":{"line":9,"column":60}},"type":"binary-expr","locations":[{"start":{"line":9,"column":8},"end":{"line":9,"column":32}},{"start":{"line":9,"column":36},"end":{"line":9,"column":60}}],"line":9}},"s":{"0":1,"1":8,"2":8,"3":2,"4":2,"5":6,"6":1},"f":{"0":8},"b":{"0":[2,6],"1":[8,6]},"_coverageSchema":"1a1c01bbd47fc00a2c39e90264f33305004495a9","hash":"9522219aabef21eae5aae819bd8b7ff325b38360"}
}
