TN:
SF:src\add.js
FN:8,(anonymous_0)
FNF:1
FNH:1
FNDA:8,(anonymous_0)
DA:8,1
DA:9,8
DA:10,8
DA:11,2
DA:14,2
DA:16,6
DA:19,1
LF:7
LH:7
BRDA:10,0,0,2
BRDA:10,0,1,6
BRDA:10,1,0,8
BRDA:10,1,1,6
BRF:4
BRH:4
end_of_record
TN:
SF:src\divide.js
FN:8,(anonymous_0)
FNF:1
FNH:1
FNDA:8,(anonymous_0)
DA:8,1
DA:9,8
DA:10,8
DA:11,2
DA:13,6
DA:14,1
DA:17,3
DA:20,5
DA:22,1
LF:9
LH:9
BRDA:10,0,0,2
BRDA:10,0,1,6
BRDA:10,1,0,8
BRDA:10,1,1,6
BRDA:13,2,0,1
BRDA:13,2,1,5
BRF:6
BRH:6
end_of_record
TN:
SF:src\multiply.js
FN:7,(anonymous_0)
FNF:1
FNH:1
FNDA:8,(anonymous_0)
DA:7,1
DA:8,8
DA:9,8
DA:10,2
DA:13,2
DA:15,6
DA:16,1
DA:18,5
DA:20,1
LF:9
LH:9
BRDA:9,0,0,2
BRDA:9,0,1,6
BRDA:9,1,0,8
BRDA:9,1,1,6
BRDA:15,2,0,1
BRDA:15,2,1,5
BRDA:15,3,0,6
BRDA:15,3,1,5
BRF:8
BRH:8
end_of_record
TN:
SF:src\subtract.js
FN:7,(anonymous_0)
FNF:1
FNH:1
FNDA:8,(anonymous_0)
DA:7,1
DA:8,8
DA:9,8
DA:10,2
DA:13,2
DA:15,6
DA:17,1
LF:7
LH:7
BRDA:9,0,0,2
BRDA:9,0,1,6
BRDA:9,1,0,8
BRDA:9,1,1,6
BRF:4
BRH:4
end_of_record
